<?xml version="1.0" encoding="UTF-8"?>
<!-- Generated by org.testng.reporters.JUnitReportReporter -->
<testsuite hostname="LAPTOP-IJ6K0BM1" failures="0" tests="1" name="testCases.TC002_LoginTest" time="1.682" errors="0" timestamp="2025-03-10T17:17:57 IST" skipped="0">
  <testcase classname="testCases.TC002_LoginTest" name="check_Login" time="1.682"/>
</testsuite> <!-- testCases.TC002_LoginTest -->
