<?xml version="1.0" encoding="UTF-8"?>
<!-- Generated by org.testng.reporters.JUnitReportReporter -->
<testsuite hostname="LAPTOP-IJ6K0BM1" failures="0" tests="1" name="testBase.TC001_AccountRegistrationTest" time="2.041" errors="0" timestamp="2025-03-06T13:53:28 IST" skipped="0">
  <testcase classname="testBase.TC001_AccountRegistrationTest" name="verify_account_registration" time="2.041"/>
</testsuite> <!-- testBase.TC001_AccountRegistrationTest -->
