<?xml version="1.0" encoding="UTF-8"?>
<!-- Generated by org.testng.reporters.JUnitReportReporter -->
<testsuite hostname="LAPTOP-IJ6K0BM1" failures="0" tests="1" name="testCases.TC001_AccountRegistrationTest" time="1.583" errors="0" timestamp="2025-03-08T17:51:29 IST" skipped="0">
  <testcase classname="testCases.TC001_AccountRegistrationTest" name="verify_account_registration" time="1.583"/>
</testsuite> <!-- testCases.TC001_AccountRegistrationTest -->
